2020-04-23 11:27:33,729 [WARNING][init_scylladb][ 137] Cluster.__init__ called with contact_points specified, but no load_balancing_policy. In the next major version, this will raise an error; please specify a load-balancing policy. (contact_points = ['10.10.10.2', '10.10.10.3', '10.10.10.4'], lbp = None)
2020-04-23 11:27:33,733 [WARNING][init_scylladb][ 137] Downgrading core protocol version from 66 to 65 for 10.10.10.2:9042. To avoid this, it is best practice to explicitly set Cluster(protocol_version) to the version supported by your cluster. http://datastax.github.io/python-driver/api/cassandra/cluster.html#cassandra.cluster.Cluster.protocol_version
2020-04-23 11:27:33,734 [WARNING][init_scylladb][ 137] Downgrading core protocol version from 65 to 4 for 10.10.10.2:9042. To avoid this, it is best practice to explicitly set Cluster(protocol_version) to the version supported by your cluster. http://datastax.github.io/python-driver/api/cassandra/cluster.html#cassandra.cluster.Cluster.protocol_version
2020-04-23 11:27:33,751 [INFO][on_up][ 292] Using datacenter 'datacenter1' for DCAwareRoundRobinPolicy (via host '10.10.10.2:9042'); if incorrect, please specify a local_dc to the constructor, or limit contact points to local cluster nodes
2020-04-23 11:27:33,804 [INFO][line_generator][ 124] 0
2020-04-23 11:27:33,804 [INFO][line_generator][ 126] 0:00:00.000476
2020-04-23 11:27:33,804 [INFO][line_generator][ 127] 
2020-04-23 11:43:23,724 [INFO][line_generator][ 124] 100000
2020-04-23 11:59:18,135 [INFO][line_generator][ 124] 200000
2020-04-23 12:15:09,655 [INFO][line_generator][ 124] 300000
2020-04-23 12:30:59,807 [INFO][line_generator][ 124] 400000
2020-04-23 12:46:52,826 [INFO][line_generator][ 124] 500000
2020-04-23 13:02:48,713 [INFO][line_generator][ 124] 600000
2020-04-23 13:18:46,840 [INFO][line_generator][ 124] 700000
2020-04-23 13:34:39,333 [INFO][line_generator][ 124] 800000
2020-04-23 13:50:27,271 [INFO][line_generator][ 124] 900000
2020-04-23 14:06:18,975 [INFO][line_generator][ 124] 1000000
2020-04-23 14:06:18,976 [INFO][line_generator][ 126] 2:38:45.173052
2020-04-23 14:06:18,977 [INFO][line_generator][ 127] 
2020-04-23 14:22:16,397 [INFO][line_generator][ 124] 1100000
2020-04-23 14:38:13,720 [INFO][line_generator][ 124] 1200000
2020-04-23 14:54:11,522 [INFO][line_generator][ 124] 1300000
2020-04-23 15:10:12,107 [INFO][line_generator][ 124] 1400000
2020-04-23 15:26:19,010 [INFO][line_generator][ 124] 1500000
2020-04-23 15:42:22,745 [INFO][line_generator][ 124] 1600000
2020-04-23 15:58:18,831 [INFO][line_generator][ 124] 1700000
2020-04-23 16:14:21,395 [INFO][line_generator][ 124] 1800000
2020-04-23 16:30:19,158 [INFO][line_generator][ 124] 1900000
2020-04-23 16:46:15,847 [INFO][line_generator][ 124] 2000000
2020-04-23 16:46:15,851 [INFO][line_generator][ 126] 5:18:42.047251
2020-04-23 16:46:15,851 [INFO][line_generator][ 127] 
2020-04-23 17:02:15,648 [INFO][line_generator][ 124] 2100000
2020-04-23 17:18:10,236 [INFO][line_generator][ 124] 2200000
2020-04-23 17:34:05,744 [INFO][line_generator][ 124] 2300000
2020-04-23 17:50:07,961 [INFO][line_generator][ 124] 2400000
2020-04-23 18:06:02,625 [INFO][line_generator][ 124] 2500000
2020-04-23 18:21:57,117 [INFO][line_generator][ 124] 2600000
2020-04-23 18:38:00,814 [INFO][line_generator][ 124] 2700000
2020-04-23 18:53:59,170 [INFO][line_generator][ 124] 2800000
2020-04-23 19:10:06,063 [INFO][line_generator][ 124] 2900000
2020-04-23 19:26:09,111 [INFO][line_generator][ 124] 3000000
2020-04-23 19:26:09,114 [INFO][line_generator][ 126] 7:58:35.310206
2020-04-23 19:26:09,115 [INFO][line_generator][ 127] 
2020-04-23 19:42:10,391 [INFO][line_generator][ 124] 3100000
2020-04-23 19:57:34,639 [INFO][line_generator][ 124] 3200000
2020-04-23 20:11:54,811 [INFO][line_generator][ 124] 3300000
2020-04-23 20:26:48,663 [INFO][line_generator][ 124] 3400000
2020-04-23 20:42:49,617 [INFO][line_generator][ 124] 3500000
2020-04-23 20:58:44,587 [INFO][line_generator][ 124] 3600000
2020-04-23 21:14:45,354 [INFO][line_generator][ 124] 3700000
2020-04-23 21:30:41,200 [INFO][line_generator][ 124] 3800000
2020-04-23 21:46:40,490 [INFO][line_generator][ 124] 3900000
2020-04-23 22:02:40,882 [INFO][line_generator][ 124] 4000000
2020-04-23 22:02:40,885 [INFO][line_generator][ 126] 10:35:07.081532
2020-04-23 22:02:40,888 [INFO][line_generator][ 127] 
2020-04-23 22:18:40,046 [INFO][line_generator][ 124] 4100000
2020-04-23 22:34:43,748 [INFO][line_generator][ 124] 4200000
2020-04-23 22:50:44,368 [INFO][line_generator][ 124] 4300000
2020-04-23 23:06:53,606 [INFO][line_generator][ 124] 4400000
2020-04-23 23:22:49,419 [INFO][line_generator][ 124] 4500000
2020-04-23 23:38:49,644 [INFO][line_generator][ 124] 4600000
2020-04-23 23:54:53,922 [INFO][line_generator][ 124] 4700000
2020-04-24 00:10:53,260 [INFO][line_generator][ 124] 4800000
2020-04-24 00:26:48,982 [INFO][line_generator][ 124] 4900000
2020-04-24 00:42:43,527 [INFO][line_generator][ 124] 5000000
2020-04-24 00:42:43,528 [INFO][line_generator][ 126] 13:15:09.724568
2020-04-24 00:42:43,528 [INFO][line_generator][ 127] 
2020-04-24 00:58:42,247 [INFO][line_generator][ 124] 5100000
2020-04-24 01:14:40,255 [INFO][line_generator][ 124] 5200000
2020-04-24 01:30:42,354 [INFO][line_generator][ 124] 5300000
2020-04-24 01:46:44,973 [INFO][line_generator][ 124] 5400000
