2020-04-24 21:00:42,486 [INFO][__line_generator][120] 0
2020-04-24 21:00:42,486 [INFO][__line_generator][122] 0:00:00.045884
2020-04-24 21:00:42,486 [INFO][__line_generator][123] 
2020-04-24 21:01:31,912 [INFO][__line_generator][120] 100000
2020-04-24 21:02:20,993 [INFO][__line_generator][120] 200000
2020-04-24 21:03:11,524 [INFO][__line_generator][120] 300000
2020-04-24 21:04:00,210 [INFO][__line_generator][120] 400000
2020-04-24 21:04:48,365 [INFO][__line_generator][120] 500000
2020-04-24 21:05:34,641 [INFO][__line_generator][120] 600000
2020-04-24 21:06:24,575 [INFO][__line_generator][120] 700000
2020-04-24 21:07:13,412 [INFO][__line_generator][120] 800000
2020-04-24 21:08:01,185 [INFO][__line_generator][120] 900000
2020-04-24 21:08:49,835 [INFO][__line_generator][120] 1000000
2020-04-24 21:08:49,835 [INFO][__line_generator][122] 0:08:07.394631
2020-04-24 21:08:49,835 [INFO][__line_generator][123] 
2020-04-24 21:09:37,960 [INFO][__line_generator][120] 1100000
2020-04-24 21:10:25,818 [INFO][__line_generator][120] 1200000
2020-04-24 21:11:14,396 [INFO][__line_generator][120] 1300000
2020-04-24 21:12:03,257 [INFO][__line_generator][120] 1400000
2020-04-24 21:12:52,146 [INFO][__line_generator][120] 1500000
2020-04-24 21:13:40,737 [INFO][__line_generator][120] 1600000
2020-04-24 21:14:29,552 [INFO][__line_generator][120] 1700000
2020-04-24 21:15:19,598 [INFO][__line_generator][120] 1800000
2020-04-24 21:16:07,936 [INFO][__line_generator][120] 1900000
2020-04-24 21:16:56,672 [INFO][__line_generator][120] 2000000
2020-04-24 21:16:56,673 [INFO][__line_generator][122] 0:16:14.232691
2020-04-24 21:16:56,673 [INFO][__line_generator][123] 
2020-04-24 21:17:45,432 [INFO][__line_generator][120] 2100000
2020-04-24 21:18:35,162 [INFO][__line_generator][120] 2200000
2020-04-24 21:19:22,022 [INFO][__line_generator][120] 2300000
2020-04-24 21:20:10,147 [INFO][__line_generator][120] 2400000
2020-04-24 21:20:59,422 [INFO][__line_generator][120] 2500000
2020-04-24 21:21:48,084 [INFO][__line_generator][120] 2600000
2020-04-24 21:22:37,122 [INFO][__line_generator][120] 2700000
2020-04-24 21:23:26,594 [INFO][__line_generator][120] 2800000
2020-04-24 21:24:14,713 [INFO][__line_generator][120] 2900000
2020-04-24 21:25:01,987 [INFO][__line_generator][120] 3000000
2020-04-24 21:25:01,988 [INFO][__line_generator][122] 0:24:19.547902
2020-04-24 21:25:01,990 [INFO][__line_generator][123] 
2020-04-24 21:25:49,157 [INFO][__line_generator][120] 3100000
2020-04-24 21:26:37,262 [INFO][__line_generator][120] 3200000
2020-04-24 21:27:24,543 [INFO][__line_generator][120] 3300000
2020-04-24 21:28:13,995 [INFO][__line_generator][120] 3400000
2020-04-24 21:29:02,049 [INFO][__line_generator][120] 3500000
2020-04-24 21:29:50,896 [INFO][__line_generator][120] 3600000
2020-04-24 21:30:38,773 [INFO][__line_generator][120] 3700000
2020-04-24 21:31:27,349 [INFO][__line_generator][120] 3800000
2020-04-24 21:32:16,880 [INFO][__line_generator][120] 3900000
2020-04-24 21:33:06,643 [INFO][__line_generator][120] 4000000
2020-04-24 21:33:06,643 [INFO][__line_generator][122] 0:32:24.203005
2020-04-24 21:33:06,643 [INFO][__line_generator][123] 
2020-04-24 21:33:55,918 [INFO][__line_generator][120] 4100000
2020-04-24 21:34:46,503 [INFO][__line_generator][120] 4200000
2020-04-24 21:35:35,967 [INFO][__line_generator][120] 4300000
2020-04-24 21:36:23,511 [INFO][__line_generator][120] 4400000
2020-04-24 21:37:11,027 [INFO][__line_generator][120] 4500000
2020-04-24 21:37:59,407 [INFO][__line_generator][120] 4600000
2020-04-24 21:38:48,306 [INFO][__line_generator][120] 4700000
2020-04-24 21:39:39,286 [INFO][__line_generator][120] 4800000
2020-04-24 21:40:27,553 [INFO][__line_generator][120] 4900000
2020-04-24 21:41:16,041 [INFO][__line_generator][120] 5000000
2020-04-24 21:41:16,042 [INFO][__line_generator][122] 0:40:33.601446
2020-04-24 21:41:16,042 [INFO][__line_generator][123] 
2020-04-24 21:42:04,186 [INFO][__line_generator][120] 5100000
2020-04-24 21:42:52,908 [INFO][__line_generator][120] 5200000
2020-04-24 21:43:42,360 [INFO][__line_generator][120] 5300000
2020-04-24 21:44:31,006 [INFO][__line_generator][120] 5400000
2020-04-24 21:45:20,772 [INFO][__line_generator][120] 5500000
2020-04-24 21:46:10,451 [INFO][__line_generator][120] 5600000
2020-04-24 21:47:02,522 [INFO][__line_generator][120] 5700000
2020-04-24 21:47:54,588 [INFO][__line_generator][120] 5800000
2020-04-24 21:48:44,914 [INFO][__line_generator][120] 5900000
2020-04-24 21:49:36,686 [INFO][__line_generator][120] 6000000
2020-04-24 21:49:36,686 [INFO][__line_generator][122] 0:48:54.246285
2020-04-24 21:49:36,686 [INFO][__line_generator][123] 
2020-04-24 21:50:26,561 [INFO][__line_generator][120] 6100000
2020-04-24 21:51:15,824 [INFO][__line_generator][120] 6200000
2020-04-24 21:52:07,143 [INFO][__line_generator][120] 6300000
2020-04-24 21:52:56,634 [INFO][__line_generator][120] 6400000
2020-04-24 21:53:45,361 [INFO][__line_generator][120] 6500000
2020-04-24 21:54:33,915 [INFO][__line_generator][120] 6600000
2020-04-24 21:55:24,524 [INFO][__line_generator][120] 6700000
2020-04-24 21:56:17,154 [INFO][__line_generator][120] 6800000
2020-04-24 21:57:08,706 [INFO][__line_generator][120] 6900000
2020-04-24 21:57:59,366 [INFO][__line_generator][120] 7000000
2020-04-24 21:57:59,366 [INFO][__line_generator][122] 0:57:16.925987
2020-04-24 21:57:59,366 [INFO][__line_generator][123] 
2020-04-24 21:58:51,313 [INFO][__line_generator][120] 7100000
2020-04-24 21:59:43,747 [INFO][__line_generator][120] 7200000
2020-04-24 22:00:33,329 [INFO][__line_generator][120] 7300000
2020-04-24 22:01:25,464 [INFO][__line_generator][120] 7400000
2020-04-24 22:02:18,976 [INFO][__line_generator][120] 7500000
2020-04-24 22:03:12,137 [INFO][__line_generator][120] 7600000
2020-04-24 22:04:03,148 [INFO][__line_generator][120] 7700000
2020-04-24 22:04:56,080 [INFO][__line_generator][120] 7800000
2020-04-24 22:05:48,385 [INFO][__line_generator][120] 7900000
2020-04-24 22:06:38,391 [INFO][__line_generator][120] 8000000
2020-04-24 22:06:38,391 [INFO][__line_generator][122] 1:05:55.950651
2020-04-24 22:06:38,391 [INFO][__line_generator][123] 
2020-04-24 22:07:30,056 [INFO][__line_generator][120] 8100000
2020-04-24 22:08:22,285 [INFO][__line_generator][120] 8200000
2020-04-24 22:09:12,938 [INFO][__line_generator][120] 8300000
2020-04-24 22:10:03,941 [INFO][__line_generator][120] 8400000
2020-04-24 22:10:57,080 [INFO][__line_generator][120] 8500000
2020-04-24 22:11:48,835 [INFO][__line_generator][120] 8600000
2020-04-24 22:12:40,781 [INFO][__line_generator][120] 8700000
2020-04-24 22:13:35,351 [INFO][__line_generator][120] 8800000
2020-04-24 22:14:28,043 [INFO][__line_generator][120] 8900000
2020-04-24 22:15:20,054 [INFO][__line_generator][120] 9000000
2020-04-24 22:15:20,054 [INFO][__line_generator][122] 1:14:37.614294
2020-04-24 22:15:20,055 [INFO][__line_generator][123] 
2020-04-24 22:16:14,904 [INFO][__line_generator][120] 9100000
2020-04-24 22:17:07,077 [INFO][__line_generator][120] 9200000
2020-04-24 22:17:57,115 [INFO][__line_generator][120] 9300000
2020-04-24 22:18:48,603 [INFO][__line_generator][120] 9400000
2020-04-24 22:19:41,743 [INFO][__line_generator][120] 9500000
2020-04-24 22:20:35,816 [INFO][__line_generator][120] 9600000
2020-04-24 22:21:28,795 [INFO][__line_generator][120] 9700000
2020-04-24 22:22:24,522 [INFO][__line_generator][120] 9800000
2020-04-24 22:23:16,045 [INFO][__line_generator][120] 9900000
2020-04-24 22:24:08,427 [INFO][__line_generator][120] 10000000
2020-04-24 22:24:08,427 [INFO][__line_generator][122] 1:23:25.986745
2020-04-24 22:24:08,427 [INFO][__line_generator][123] 
2020-04-24 22:25:03,943 [INFO][__line_generator][120] 10100000
2020-04-24 22:25:56,517 [INFO][__line_generator][120] 10200000
2020-04-24 22:26:47,390 [INFO][__line_generator][120] 10300000
2020-04-24 22:27:39,535 [INFO][__line_generator][120] 10400000
2020-04-24 22:28:29,623 [INFO][__line_generator][120] 10500000
2020-04-24 22:29:19,724 [INFO][__line_generator][120] 10600000
2020-04-24 22:30:12,171 [INFO][__line_generator][120] 10700000
2020-04-24 22:31:07,397 [INFO][__line_generator][120] 10800000
2020-04-24 22:31:57,768 [INFO][__line_generator][120] 10900000
2020-04-24 22:32:49,661 [INFO][__line_generator][120] 11000000
2020-04-24 22:32:49,662 [INFO][__line_generator][122] 1:32:07.221358
2020-04-24 22:32:49,662 [INFO][__line_generator][123] 
2020-04-24 22:33:45,184 [INFO][__line_generator][120] 11100000
2020-04-24 22:34:37,710 [INFO][__line_generator][120] 11200000
2020-04-24 22:35:30,098 [INFO][__line_generator][120] 11300000
2020-04-24 22:36:25,778 [INFO][__line_generator][120] 11400000
2020-04-24 22:37:20,266 [INFO][__line_generator][120] 11500000
2020-04-24 22:38:16,125 [INFO][__line_generator][120] 11600000
2020-04-24 22:39:10,654 [INFO][__line_generator][120] 11700000
2020-04-24 22:40:06,500 [INFO][__line_generator][120] 11800000
2020-04-24 22:40:59,292 [INFO][__line_generator][120] 11900000
2020-04-24 22:41:53,268 [INFO][__line_generator][120] 12000000
2020-04-24 22:41:53,269 [INFO][__line_generator][122] 1:41:10.829141
2020-04-24 22:41:53,269 [INFO][__line_generator][123] 
2020-04-24 22:42:45,254 [INFO][__line_generator][120] 12100000
2020-04-24 22:43:37,040 [INFO][__line_generator][120] 12200000
2020-04-24 22:44:30,525 [INFO][__line_generator][120] 12300000
2020-04-24 22:44:39,625 [INFO][load][101] Insert data cost time: 1:43:57.184433
2020-04-24 22:44:39,625 [INFO][load][102] create search index
2020-04-24 22:44:39,648 [INFO][load][107] ## Session closed
2020-04-24 22:44:39,648 [INFO][load][110] Create search index cost time: 0:00:00.023354
2020-04-24 22:44:39,648 [INFO][load][111] Total cost time: 1:43:57.207917
2020-04-24 22:44:39,648 [INFO][load][112] ## Inserts completed
